2025-05-29 19:41:44,003 - INFO - New server session started
2025-05-29 19:41:54,744 - INFO - New server session started
2025-05-29 19:41:54,772 - INFO - New server session started
2025-05-29 19:50:07,864 - INFO - New server session started
2025-05-29 19:50:07,890 - INFO - New server session started
2025-05-29 19:55:57,404 - INFO - New server session started
2025-05-29 19:55:57,430 - INFO - New server session started
2025-05-29 19:58:23,207 - INFO - New server session started
2025-05-29 19:58:23,233 - INFO - New server session started
2025-05-29 19:59:37,584 - INFO - New server session started
2025-05-29 19:59:37,611 - INFO - New server session started
2025-05-29 20:01:05,757 - INFO - User [Bananaman] was registered
2025-05-29 20:01:20,230 - INFO - IP address [127.0.0.1] logged in with username [Bananaman]
2025-05-29 20:02:01,968 - INFO - Data by user [Bananaman] saved: user_data/audio/Bananaman/Maayong_Buntag/Maayong_Buntag99m.wav
2025-05-29 20:02:01,969 - INFO - User [Bananaman] progress updated.
2025-05-29 20:07:37,196 - INFO - User [Tay] was registered
2025-05-29 20:07:47,356 - INFO - IP address [127.0.0.1] logged in with username [Tay]
2025-05-30 01:58:56,747 - INFO - New server session started
2025-05-30 01:58:56,782 - INFO - New server session started
2025-05-30 01:59:11,104 - INFO - IP address [127.0.0.1] logged in with username [Bananaman]
2025-05-30 01:59:32,624 - INFO - Data by user [Bananaman] saved: user_data/audio/Bananaman/Maayong_Buntag/Maayong_Buntag99m.wav
2025-05-30 02:00:11,320 - INFO - New server session started
2025-05-30 02:00:11,347 - INFO - New server session started
2025-05-30 02:00:25,025 - INFO - IP address [127.0.0.1] logged in with username [Bananaman]
2025-05-30 02:00:32,108 - INFO - Data by user [Bananaman] saved: user_data/audio/Bananaman/Maayong_Buntag/Maayong_Buntag99m.wav
2025-05-30 02:00:32,110 - INFO - User [Bananaman] progress updated.
2025-05-30 02:01:36,601 - INFO - Data by user [Bananaman] saved: user_data/audio/Bananaman/Maayong_Buntag/Maayong_Buntag99m.wav
2025-05-30 02:01:36,603 - INFO - User [Bananaman] progress updated.
2025-05-30 02:02:34,705 - INFO - Data by user [Bananaman] saved: user_data/audio/Bananaman/Maayong_Buntag/Maayong_Buntag99m.wav
2025-05-30 02:02:34,707 - INFO - User [Bananaman] progress updated.
2025-05-30 02:02:38,240 - INFO - New server session started
2025-05-30 02:02:38,266 - INFO - New server session started
2025-05-30 02:02:49,960 - INFO - IP address [127.0.0.1] logged in with username [Bananaman]
2025-05-30 02:02:58,640 - INFO - Data by user [Bananaman] saved: user_data/audio/Bananaman/Maayong_Buntag/Maayong_Buntag99m.wav
2025-05-30 02:02:58,642 - INFO - User [Bananaman] progress updated.
2025-05-30 02:05:22,899 - INFO - New server session started
2025-05-30 02:05:22,927 - INFO - New server session started
2025-05-30 02:06:04,075 - INFO - IP address [127.0.0.1] logged in with username [Bananaman]
2025-05-30 02:06:09,595 - INFO - Data by user [Bananaman] saved: user_data/audio/Bananaman/Maayong_Buntag/Maayong_Buntag99m.wav
2025-05-30 02:06:09,597 - INFO - User [Bananaman] progress updated.
2025-05-30 02:06:37,639 - INFO - New server session started
2025-05-30 02:06:37,666 - INFO - New server session started
2025-05-30 02:06:49,817 - INFO - IP address [127.0.0.1] attempting to login with username [Bananaman6606].
2025-05-30 02:06:54,601 - INFO - IP address [127.0.0.1] attempting to login with username [Bananaman6606].
2025-05-30 02:07:05,803 - INFO - IP address [127.0.0.1] logged in with username [Bananaman]
2025-05-30 02:07:15,339 - INFO - Data by user [Bananaman] saved: user_data/audio/Bananaman/Maayong_Buntag/Maayong_Buntag99m.wav
2025-05-30 02:07:15,341 - INFO - User [Bananaman] progress updated.
2025-05-30 02:14:15,233 - INFO - Session with username [Bananaman] timed out
2025-05-30 02:38:07,692 - INFO - New server session started
2025-05-30 02:38:07,718 - INFO - New server session started
2025-05-30 02:38:22,404 - INFO - IP address [127.0.0.1] logged in with username [Bananaman]
2025-05-30 02:38:27,717 - INFO - Data by user [Bananaman] saved: user_data/audio/Bananaman/Maayong_Buntag/Maayong_Buntag99m.wav
2025-05-30 02:39:19,332 - INFO - Data by user [Bananaman] saved: user_data/audio/Bananaman/Maayong_Buntag/Maayong_Buntag99m.wav
2025-05-30 02:40:13,361 - INFO - Data by user [Bananaman] saved: user_data/audio/Bananaman/Maayong_Buntag/Maayong_Buntag99m.wav
2025-05-30 02:41:06,817 - INFO - New server session started
2025-05-30 02:41:06,842 - INFO - New server session started
2025-05-30 02:41:19,538 - INFO - IP address [127.0.0.1] logged in with username [Bananaman]
2025-05-30 02:41:26,687 - INFO - Data by user [Bananaman] saved: user_data/audio/Bananaman/Maayong_Buntag/Maayong_Buntag99m.wav
2025-05-30 02:43:35,685 - INFO - New server session started
2025-05-30 02:43:35,711 - INFO - New server session started
2025-05-30 02:43:45,125 - INFO - IP address [127.0.0.1] logged in with username [Bananaman]
2025-05-30 02:43:50,720 - INFO - Data by user [Bananaman] saved: user_data/audio/Bananaman/Maayong_Buntag/Maayong_Buntag99m.webm
2025-05-30 02:44:13,519 - INFO - Data by user [Bananaman] saved: user_data/audio/Bananaman/Maayong_Buntag/Maayong_Buntag99m.webm
2025-05-30 02:46:22,843 - INFO - Data by user [Bananaman] saved: user_data/audio/Bananaman/Maayong_Buntag/Maayong_Buntag99m.webm
2025-05-30 02:47:27,682 - INFO - Data by user [Bananaman] saved: user_data/audio/Bananaman/Maayong_Buntag/Maayong_Buntag99m.webm
2025-05-30 02:49:37,783 - INFO - Data by user [Bananaman] saved: user_data/audio/Bananaman/Maayong_Buntag/Maayong_Buntag99m.webm
2025-05-30 03:34:32,690 - INFO - New server session started
2025-05-30 03:34:32,715 - INFO - New server session started
2025-05-30 03:34:43,730 - INFO - IP address [127.0.0.1] logged in with username [Bananaman]
2025-05-30 03:34:51,446 - INFO - Data by user [Bananaman] saved: user_data/audio/Bananaman/Maayong_Buntag/Maayong_Buntag99m.webm
2025-05-30 03:35:32,716 - INFO - Data by user [Bananaman] saved: user_data/audio/Bananaman/Maayong_Buntag/Maayong_Buntag99m.webm
2025-05-30 03:37:43,376 - INFO - Data by user [Bananaman] saved: user_data/audio/Bananaman/Maayong_Buntag/Maayong_Buntag99m.webm
2025-05-30 03:40:29,598 - INFO - Data by user [Bananaman] saved: user_data/audio/Bananaman/Maayong_Buntag/Maayong_Buntag99m.webm
2025-05-30 03:43:03,973 - INFO - Data by user [Bananaman] saved: user_data/audio/Bananaman/Maayong_Buntag/Maayong_Buntag99m.webm
2025-05-30 03:43:43,695 - INFO - Data by user [Bananaman] saved: user_data/audio/Bananaman/Maayong_Buntag/Maayong_Buntag99m.webm
2025-05-30 03:45:55,508 - INFO - Data by user [Bananaman] saved: user_data/audio/Bananaman/Maayong_Buntag/Maayong_Buntag99m.webm
2025-05-30 03:46:39,139 - INFO - Data by user [Bananaman] saved: user_data/audio/Bananaman/Maayong_Buntag/Maayong_Buntag99m.webm
2025-05-30 04:01:08,891 - INFO - Session with username [Bananaman] timed out
2025-05-30 04:02:14,946 - INFO - IP address [127.0.0.1] logged in with username [Bananaman]
2025-05-30 04:02:22,437 - INFO - Data by user [Bananaman] saved: user_data/audio/Bananaman/Maayong_Buntag/Maayong_Buntag99m.webm
2025-05-30 04:05:25,862 - INFO - Data by user [Bananaman] saved: user_data/audio/Bananaman/Maayong_Buntag/Maayong_Buntag99m.webm
2025-05-30 04:08:24,266 - INFO - Data by user [Bananaman] saved: user_data/audio/Bananaman/Maayong_Buntag/Maayong_Buntag99m.webm
2025-05-30 04:12:11,649 - INFO - Data by user [Bananaman] saved: user_data/audio/Bananaman/Maayong_Buntag/Maayong_Buntag99m.webm
2025-05-30 04:12:37,989 - INFO - Data by user [Bananaman] saved: user_data/audio/Bananaman/Maayong_Buntag/Maayong_Buntag99m.webm
2025-05-30 04:16:01,357 - INFO - Data by user [Bananaman] saved: user_data/audio/Bananaman/Maayong_Buntag/Maayong_Buntag99m.webm
2025-05-30 04:20:48,799 - INFO - Data by user [Bananaman] saved: user_data/audio/Bananaman/Maayong_Buntag/Maayong_Buntag99m.webm
2025-05-30 04:25:29,474 - INFO - Data by user [Bananaman] saved: user_data/audio/Bananaman/Maayong_Buntag/Maayong_Buntag99m.webm
2025-05-30 04:28:04,436 - INFO - Data by user [Bananaman] saved: user_data/audio/Bananaman/Maayong_Buntag/Maayong_Buntag99m.webm
2025-05-30 04:29:34,548 - INFO - Data by user [Bananaman] saved: user_data/audio/Bananaman/Maayong_Buntag/Maayong_Buntag99m.webm
2025-05-30 04:34:15,751 - INFO - Data by user [Bananaman] saved: user_data/audio/Bananaman/Maayong_Buntag/Maayong_Buntag99m.webm
2025-05-30 04:34:48,309 - INFO - Data by user [Bananaman] saved: user_data/audio/Bananaman/Maayong_Buntag/Maayong_Buntag99m.webm
2025-05-30 04:43:43,520 - INFO - Session with username [Bananaman] timed out
2025-05-30 04:44:00,357 - INFO - IP address [127.0.0.1] logged in with username [Bananaman]
2025-05-30 04:44:07,456 - INFO - Data by user [Bananaman] saved: user_data/audio/Bananaman/Maayong_Buntag/Maayong_Buntag99m.webm
2025-05-30 04:45:22,480 - INFO - Data by user [Bananaman] saved: user_data/audio/Bananaman/Maayong_Buntag/Maayong_Buntag99m.webm
2025-05-30 04:46:05,195 - INFO - Data by user [Bananaman] saved: user_data/audio/Bananaman/Maayong_Buntag/Maayong_Buntag99m.webm
2025-05-30 04:51:11,406 - INFO - Session with username [Bananaman] timed out
2025-05-30 04:51:27,431 - INFO - IP address [127.0.0.1] logged in with username [Bananaman]
2025-05-30 04:51:36,632 - INFO - Data by user [Bananaman] saved: user_data/audio/Bananaman/Maayong_Buntag/Maayong_Buntag99m.webm
2025-05-30 04:55:07,683 - INFO - Data by user [Bananaman] saved: user_data/audio/Bananaman/Maayong_Buntag/Maayong_Buntag99m.webm
2025-05-30 04:55:33,188 - INFO - Data by user [Bananaman] saved: user_data/audio/Bananaman/Maayong_Buntag/Maayong_Buntag99m.webm
2025-05-30 04:56:06,158 - INFO - Data by user [Bananaman] saved: user_data/audio/Bananaman/Maayong_Buntag/Maayong_Buntag99m.webm
2025-05-30 04:56:24,849 - INFO - Data by user [Bananaman] saved: user_data/audio/Bananaman/Maayong_Buntag/Maayong_Buntag99m.webm
2025-05-30 04:56:43,578 - INFO - Data by user [Bananaman] saved: user_data/audio/Bananaman/Maayong_Buntag/Maayong_Buntag99m.webm
2025-05-30 04:57:25,208 - INFO - Data by user [Bananaman] saved: user_data/audio/Bananaman/Maayong_Buntag/Maayong_Buntag99m.webm
2025-05-30 04:58:22,648 - INFO - Data by user [Bananaman] saved: user_data/audio/Bananaman/Maayong_Buntag/Maayong_Buntag99m.webm
2025-05-30 04:59:41,735 - INFO - Data by user [Bananaman] saved: user_data/audio/Bananaman/Maayong_Buntag/Maayong_Buntag99m.webm
2025-05-30 04:59:56,119 - INFO - Data by user [Bananaman] saved: user_data/audio/Bananaman/Maayong_Buntag/Maayong_Buntag99m.webm
2025-05-30 05:01:04,900 - INFO - Data by user [Bananaman] saved: user_data/audio/Bananaman/Maayong_Buntag/Maayong_Buntag99m.webm
2025-05-30 05:07:29,735 - INFO - Session with username [Bananaman] timed out
2025-05-30 05:07:35,419 - INFO - IP address [127.0.0.1] logged in with username [Bananaman]
2025-05-30 05:07:47,854 - INFO - Data by user [Bananaman] saved: user_data/audio/Bananaman/Maayong_Buntag/Maayong_Buntag99m.webm
2025-05-30 05:11:12,949 - INFO - Data by user [Bananaman] saved: user_data/audio/Bananaman/Maayong_Buntag/Maayong_Buntag99m.webm
2025-05-30 05:24:23,969 - INFO - Session with username [Bananaman] timed out
2025-05-30 05:24:27,736 - INFO - IP address [127.0.0.1] logged in with username [Bananaman]
2025-05-30 05:24:37,082 - INFO - Data by user [Bananaman] saved: user_data/audio/Bananaman/Maayong_Buntag/Maayong_Buntag99m.webm
2025-05-30 05:26:27,565 - INFO - Data by user [Bananaman] saved: user_data/audio/Bananaman/Maayong_Buntag/Maayong_Buntag99m.webm
2025-05-30 05:27:27,159 - INFO - Data by user [Bananaman] saved: user_data/audio/Bananaman/Maayong_Buntag/Maayong_Buntag99m.webm
2025-05-30 05:29:06,983 - INFO - Data by user [Bananaman] saved: user_data/audio/Bananaman/Maayong_Buntag/Maayong_Buntag99m.webm
2025-05-30 05:31:21,543 - INFO - Data by user [Bananaman] saved: user_data/audio/Bananaman/Maayong_Buntag/Maayong_Buntag99m.webm
2025-05-30 05:32:54,505 - INFO - Data by user [Bananaman] saved: user_data/audio/Bananaman/Maayong_Buntag/Maayong_Buntag99m.webm
2025-05-30 05:33:55,433 - INFO - Data by user [Bananaman] saved: user_data/audio/Bananaman/Maayong_Buntag/Maayong_Buntag99m.webm
2025-05-30 05:36:23,463 - INFO - Data by user [Bananaman] saved: user_data/audio/Bananaman/Maayong_Buntag/Maayong_Buntag99m.webm
2025-05-30 05:38:23,622 - INFO - Data by user [Bananaman] saved: user_data/audio/Bananaman/Maayong_Buntag/Maayong_Buntag99m.webm
2025-05-30 05:40:02,340 - INFO - Data by user [Bananaman] saved: user_data/audio/Bananaman/Maayong_Buntag/Maayong_Buntag99m.webm
2025-05-30 05:41:30,605 - INFO - Data by user [Bananaman] saved: user_data/audio/Bananaman/Maayong_Buntag/Maayong_Buntag99m.webm
2025-05-30 05:43:23,759 - INFO - Data by user [Bananaman] saved: user_data/audio/Bananaman/Maayong_Buntag/Maayong_Buntag99m.webm
2025-05-30 05:43:50,220 - INFO - Data by user [Bananaman] saved: user_data/audio/Bananaman/Maayong_Buntag/Maayong_Buntag99m.webm
2025-05-30 05:44:42,220 - INFO - Data by user [Bananaman] saved: user_data/audio/Bananaman/Maayong_Buntag/Maayong_Buntag99m.webm
2025-05-30 05:45:18,919 - INFO - Data by user [Bananaman] saved: user_data/audio/Bananaman/Maayong_Buntag/Maayong_Buntag99m.webm
2025-05-30 05:46:35,450 - INFO - Data by user [Bananaman] saved: user_data/audio/Bananaman/Maayong_Buntag/Maayong_Buntag99m.webm
2025-05-30 05:50:31,415 - INFO - Data by user [Bananaman] saved: user_data/audio/Bananaman/Maayong_Buntag/Maayong_Buntag99m.webm
2025-05-30 05:55:12,782 - INFO - Data by user [Bananaman] saved: user_data/audio/Bananaman/Maayong_Buntag/Maayong_Buntag99m.webm
2025-05-30 05:58:42,863 - INFO - Data by user [Bananaman] saved: user_data/audio/Bananaman/Maayong_Buntag/Maayong_Buntag99m.webm
2025-05-30 06:00:38,286 - INFO - Data by user [Bananaman] saved: user_data/audio/Bananaman/Maayong_Buntag/Maayong_Buntag99m.webm
2025-05-30 06:02:16,697 - INFO - Data by user [Bananaman] saved: user_data/audio/Bananaman/Maayong_Buntag/Maayong_Buntag99m.webm
2025-05-30 06:02:58,010 - INFO - Data by user [Bananaman] saved: user_data/audio/Bananaman/Maayong_Buntag/Maayong_Buntag99m.webm
2025-05-30 06:03:31,756 - INFO - Data by user [Bananaman] saved: user_data/audio/Bananaman/Maayong_Buntag/Maayong_Buntag99m.webm
2025-05-30 06:03:59,632 - INFO - Data by user [Bananaman] saved: user_data/audio/Bananaman/Maayong_Buntag/Maayong_Buntag99m.webm
2025-05-30 06:04:46,938 - INFO - Data by user [Bananaman] saved: user_data/audio/Bananaman/Maayong_Buntag/Maayong_Buntag99m.webm
2025-05-30 06:05:16,061 - INFO - Data by user [Bananaman] saved: user_data/audio/Bananaman/Maayong_Buntag/Maayong_Buntag99m.webm
2025-05-30 06:05:42,198 - INFO - Data by user [Bananaman] saved: user_data/audio/Bananaman/Maayong_Buntag/Maayong_Buntag99m.webm
2025-05-30 06:07:26,916 - INFO - Data by user [Bananaman] saved: user_data/audio/Bananaman/Maayong_Buntag/Maayong_Buntag99m.webm
2025-05-30 06:09:46,320 - INFO - Data by user [Bananaman] saved: user_data/audio/Bananaman/Maayong_Buntag/Maayong_Buntag99m.webm
2025-05-30 06:10:15,940 - INFO - Data by user [Bananaman] saved: user_data/audio/Bananaman/Maayong_Buntag/Maayong_Buntag99m.webm
2025-05-30 06:10:34,851 - INFO - Data by user [Bananaman] saved: user_data/audio/Bananaman/Maayong_Buntag/Maayong_Buntag99m.webm
2025-05-30 06:12:32,223 - INFO - User [TM] was registered
2025-05-30 06:12:39,356 - INFO - IP address [127.0.0.1] logged in with username [TM]
2025-05-30 06:13:28,334 - INFO - IP address [127.0.0.1] logged in with username [TM]
2025-05-30 06:13:42,252 - INFO - Data by user [TM] saved: user_data/audio/TM/Maayong_Buntag/Maayong_Buntag99m.webm
2025-05-30 06:14:04,477 - INFO - Data by user [TM] saved: user_data/audio/TM/Maayong_Buntag/Maayong_Buntag99m.webm
2025-05-30 06:14:39,738 - INFO - User [TM] logged out
2025-05-30 06:15:51,555 - INFO - Data by user [Bananaman] saved: user_data/audio/Bananaman/Tulo/Tulo99m.webm
2025-05-30 06:16:47,825 - INFO - Data by user [Bananaman] saved: user_data/audio/Bananaman/Mangayo_Ko_Ug_Menu/Mangayo_Ko_Ug_Menu99m.webm
2025-05-30 06:18:06,006 - INFO - Data by user [Bananaman] saved: user_data/audio/Bananaman/Mangayo_Ko_Ug_Menu/Mangayo_Ko_Ug_Menu99m.webm
2025-05-30 06:18:25,953 - INFO - Data by user [Bananaman] saved: user_data/audio/Bananaman/Mangayo_Ko_Ug_Menu/Mangayo_Ko_Ug_Menu99m.webm
2025-05-30 06:18:51,739 - INFO - Data by user [Bananaman] saved: user_data/audio/Bananaman/Sila_Akoang_Mga_Anak/Sila_Akoang_Mga_Anak99m.webm
2025-05-30 06:23:13,139 - INFO - Data by user [Bananaman] saved: user_data/audio/Bananaman/Sila_Akoang_Mga_Anak/Sila_Akoang_Mga_Anak99m.webm
2025-05-30 06:23:55,966 - INFO - Data by user [Bananaman] saved: user_data/audio/Bananaman/Akoang_Amahan/Akoang_Amahan99m.webm
2025-05-30 06:27:51,489 - INFO - Data by user [Bananaman] saved: user_data/audio/Bananaman/Akoang_Amahan/Akoang_Amahan99m.webm
2025-05-30 06:44:03,685 - INFO - IP address [127.0.0.1] logged in with username [Bananaman]
2025-05-30 06:44:23,254 - INFO - Data by user [Bananaman] saved: user_data/audio/Bananaman/Imoha/Imoha99m.webm
2025-05-30 07:04:01,787 - INFO - IP address [127.0.0.1] logged in with username [Bananaman]
2025-05-30 07:04:12,894 - INFO - Data by user [Bananaman] saved: user_data/audio/Bananaman/Imoha/Imoha99m.webm
2025-05-30 07:05:24,461 - INFO - Data by user [Bananaman] saved: user_data/audio/Bananaman/Imoha/Imoha99m.webm
2025-05-30 07:05:40,821 - INFO - Data by user [Bananaman] saved: user_data/audio/Bananaman/Imoha/Imoha99m.webm
2025-05-30 07:07:03,408 - INFO - Data by user [Bananaman] saved: user_data/audio/Bananaman/Imoha/Imoha99m.webm
2025-05-30 07:11:31,581 - INFO - Data by user [Bananaman] saved: user_data/audio/Bananaman/Imoha/Imoha99m.webm
2025-05-30 07:13:17,878 - INFO - Data by user [Bananaman] saved: user_data/audio/Bananaman/Imoha/Imoha99m.webm
2025-05-30 13:05:04,056 - INFO - New server session started
2025-05-30 13:05:04,086 - INFO - New server session started
2025-05-30 13:06:17,348 - INFO - IP address [127.0.0.1] logged in with username [Bananaman]
2025-05-30 13:06:36,796 - INFO - IP address [127.0.0.1] attempting to login with username [TM].
2025-05-30 13:06:49,271 - INFO - IP address [127.0.0.1] logged in with username [TM]
2025-05-30 13:07:17,446 - INFO - Data by user [Bananaman] saved: user_data/audio/Bananaman/Maayong_Buntag/Maayong_Buntag99m.webm
2025-05-30 13:07:18,771 - INFO - Data by user [TM] saved: user_data/audio/TM/Maayong_Udto/Maayong_Udto99m.webm
2025-06-01 15:36:51,694 - INFO - New server session started
2025-06-01 15:36:51,730 - INFO - New server session started
2025-06-01 15:40:07,749 - INFO - New server session started
2025-06-01 15:40:07,776 - INFO - New server session started
2025-06-01 15:42:32,245 - INFO - IP address [127.0.0.1] logged in with username [Bananaman]
2025-06-01 15:42:46,756 - INFO - Data by user [Bananaman] saved: user_data/audio/Bananaman/Maayong_Buntag/Maayong_Buntag99m.webm
2025-06-01 15:45:21,680 - INFO - Data by user [Bananaman] saved: user_data/audio/Bananaman/Maayong_Buntag/Maayong_Buntag99m.webm
2025-06-01 15:46:01,279 - INFO - Data by user [Bananaman] saved: user_data/audio/Bananaman/Maayong_Buntag/Maayong_Buntag99m.webm
2025-06-01 15:46:26,600 - INFO - Data by user [Bananaman] saved: user_data/audio/Bananaman/Maayong_Buntag/Maayong_Buntag99m.webm
2025-06-01 15:46:52,507 - INFO - Data by user [Bananaman] saved: user_data/audio/Bananaman/Maayong_Buntag/Maayong_Buntag99m.webm
2025-06-01 15:47:04,862 - INFO - Data by user [Bananaman] saved: user_data/audio/Bananaman/Maayong_Buntag/Maayong_Buntag99m.webm
2025-06-01 15:49:55,502 - INFO - Data by user [Bananaman] saved: user_data/audio/Bananaman/Maayong_Buntag/Maayong_Buntag99m.webm
2025-06-01 15:54:02,707 - INFO - Data by user [Bananaman] saved: user_data/audio/Bananaman/Maayong_Buntag/Maayong_Buntag99m.webm
2025-06-01 15:56:19,007 - INFO - Data by user [Bananaman] saved: user_data/audio/Bananaman/Maayong_Buntag/Maayong_Buntag99m.webm
2025-06-01 15:56:41,884 - INFO - Data by user [Bananaman] saved: user_data/audio/Bananaman/Maayong_Buntag/Maayong_Buntag99m.webm
2025-06-01 15:58:38,119 - INFO - Data by user [Bananaman] saved: user_data/audio/Bananaman/Maayong_Buntag/Maayong_Buntag99m.webm
2025-06-01 16:00:19,539 - INFO - Data by user [Bananaman] saved: user_data/audio/Bananaman/Maayong_Buntag/Maayong_Buntag99m.webm
2025-06-01 16:05:37,389 - INFO - Session with username [Bananaman] timed out
2025-06-01 16:05:48,953 - INFO - IP address [127.0.0.1] logged in with username [Bananaman]
2025-06-01 16:06:03,825 - INFO - Data by user [Bananaman] saved: user_data/audio/Bananaman/Maayong_Buntag/Maayong_Buntag99m.webm
2025-06-01 16:06:26,155 - INFO - Data by user [Bananaman] saved: user_data/audio/Bananaman/Maayong_Buntag/Maayong_Buntag99m.webm
2025-06-01 16:07:54,609 - INFO - Data by user [Bananaman] saved: user_data/audio/Bananaman/Maayong_Buntag/Maayong_Buntag99m.webm
2025-06-01 16:09:16,879 - INFO - Data by user [Bananaman] saved: user_data/audio/Bananaman/Maayong_Buntag/Maayong_Buntag99m.webm
2025-06-01 16:11:05,814 - INFO - Data by user [Bananaman] saved: user_data/audio/Bananaman/Maayong_Buntag/Maayong_Buntag99m.webm
2025-06-01 16:13:15,746 - INFO - Data by user [Bananaman] saved: user_data/audio/Bananaman/Maayong_Buntag/Maayong_Buntag99m.webm
2025-06-01 16:17:00,786 - INFO - Data by user [Bananaman] saved: user_data/audio/Bananaman/Maayong_Buntag/Maayong_Buntag99m.webm
2025-06-01 16:39:12,336 - INFO - IP address [127.0.0.1] logged in with username [Bananaman]
2025-06-01 16:39:19,582 - INFO - Data by user [Bananaman] saved: user_data/audio/Bananaman/Maayong_Buntag/Maayong_Buntag99m.webm
2025-06-01 16:40:22,112 - INFO - Data by user [Bananaman] saved: user_data/audio/Bananaman/Maayong_Buntag/Maayong_Buntag99m.webm
2025-06-01 17:31:32,018 - INFO - IP address [127.0.0.1] logged in with username [Bananaman]
2025-06-01 17:31:38,565 - INFO - Data by user [Bananaman] saved: user_data/audio/Bananaman/Maayong_Buntag/Maayong_Buntag99m.webm
2025-06-01 17:34:06,969 - INFO - Data by user [Bananaman] saved: user_data/audio/Bananaman/Maayong_Buntag/Maayong_Buntag99m.webm
2025-06-01 17:35:20,123 - INFO - Data by user [Bananaman] saved: user_data/audio/Bananaman/Maayong_Buntag/Maayong_Buntag99m.webm
2025-06-01 17:35:42,823 - INFO - Data by user [Bananaman] saved: user_data/audio/Bananaman/Maayong_Buntag/Maayong_Buntag99m.webm
2025-06-01 17:39:32,156 - INFO - Data by user [Bananaman] saved: user_data/audio/Bananaman/Maayong_Buntag/Maayong_Buntag99m.webm
2025-06-01 17:40:06,283 - INFO - Data by user [Bananaman] saved: user_data/audio/Bananaman/Maayong_Buntag/Maayong_Buntag99m.webm
2025-06-01 17:41:42,582 - INFO - New server session started
2025-06-01 17:41:42,609 - INFO - New server session started
2025-06-01 17:41:52,648 - INFO - IP address [127.0.0.1] logged in with username [Bananaman]
2025-06-01 17:49:11,693 - INFO - Session with username [Bananaman] timed out
2025-06-01 17:49:11,953 - INFO - Session with username [Bananaman] timed out
2025-06-01 17:49:17,901 - INFO - IP address [127.0.0.1] logged in with username [Bananaman]
2025-06-01 17:49:24,552 - INFO - Data by user [Bananaman] saved: user_data/audio/Bananaman/Maayong_Buntag/Maayong_Buntag99m.webm
2025-06-01 17:49:40,876 - INFO - Data by user [Bananaman] saved: user_data/audio/Bananaman/Maayong_Buntag/Maayong_Buntag99m.webm
2025-06-01 17:55:30,888 - INFO - Session with username [Bananaman] timed out
2025-06-01 17:55:39,815 - INFO - IP address [127.0.0.1] logged in with username [Bananaman]
2025-06-01 17:55:45,195 - INFO - Data by user [Bananaman] saved: user_data/audio/Bananaman/Maayong_Buntag/Maayong_Buntag99m.webm
2025-06-01 17:59:08,012 - INFO - New server session started
2025-06-01 17:59:08,040 - INFO - New server session started
2025-06-01 17:59:21,046 - INFO - IP address [127.0.0.1] logged in with username [Bananaman]
2025-06-01 17:59:25,911 - INFO - Data by user [Bananaman] saved: user_data/audio/Bananaman/Maayong_Buntag/Maayong_Buntag99m.webm
2025-06-01 18:00:16,838 - INFO - New server session started
2025-06-01 18:00:16,866 - INFO - New server session started
2025-06-01 18:00:25,364 - INFO - IP address [127.0.0.1] logged in with username [Bananaman]
2025-06-01 18:00:32,029 - INFO - Data by user [Bananaman] saved: user_data/audio/Bananaman/Maayong_Buntag/Maayong_Buntag99m.webm
2025-06-01 18:01:02,561 - INFO - New server session started
2025-06-01 18:01:02,589 - INFO - New server session started
2025-06-01 18:01:10,333 - INFO - IP address [127.0.0.1] logged in with username [Bananaman]
2025-06-01 18:01:15,430 - INFO - Data by user [Bananaman] saved: user_data/audio/Bananaman/Maayong_Buntag/Maayong_Buntag99m.webm
2025-06-01 18:01:24,129 - INFO - User [Bananaman] progress updated.
2025-06-01 18:01:34,005 - INFO - Data by user [Bananaman] saved: user_data/audio/Bananaman/Maayong_Buntag/Maayong_Buntag99m.webm
2025-06-01 18:01:42,397 - INFO - User [Bananaman] progress updated.
2025-06-01 18:01:51,206 - INFO - Data by user [Bananaman] saved: user_data/audio/Bananaman/Maayong_Buntag/Maayong_Buntag99m.webm
2025-06-01 18:02:00,577 - INFO - User [Bananaman] progress updated.
2025-06-01 22:35:27,538 - INFO - New server session started
2025-06-01 22:35:27,567 - INFO - New server session started
2025-06-01 22:35:45,221 - INFO - IP address [127.0.0.1] logged in with username [Bananaman]
2025-06-01 22:37:09,062 - INFO - New server session started
2025-06-01 22:37:09,087 - INFO - New server session started
2025-06-01 22:37:19,306 - INFO - IP address [127.0.0.1] logged in with username [Bananaman]
2025-06-01 22:37:30,887 - INFO - Data by user [Bananaman] saved: user_data/audio/Bananaman/Unom/Unom99m.webm
2025-06-01 22:37:41,363 - INFO - User [Bananaman] progress updated.
2025-06-01 22:40:43,605 - INFO - Data by user [Bananaman] saved: user_data/audio/Bananaman/Unom/Unom99m.webm
2025-06-01 22:41:19,955 - INFO - Data by user [Bananaman] saved: user_data/audio/Bananaman/Unom/Unom99m.webm
2025-06-01 22:41:28,555 - INFO - User [Bananaman] progress updated.
2025-06-01 22:43:44,135 - INFO - Data by user [Bananaman] saved: user_data/audio/Bananaman/Unom/Unom99m.webm
2025-06-01 22:43:52,726 - INFO - User [Bananaman] progress updated.
2025-06-01 22:47:13,849 - INFO - Data by user [Bananaman] saved: user_data/audio/Bananaman/Unom/Unom99m.webm
2025-06-01 22:47:22,293 - INFO - User [Bananaman] progress updated.
2025-06-01 23:00:46,279 - INFO - Session with username [Bananaman] timed out
2025-06-01 23:00:53,365 - INFO - IP address [127.0.0.1] logged in with username [Bananaman]
2025-06-01 23:01:41,266 - INFO - Data by user [Bananaman] saved: user_data/audio/Bananaman/Unom/Unom99m.webm
2025-06-01 23:02:29,295 - INFO - Data by user [Bananaman] saved: user_data/audio/Bananaman/Unom/Unom99m.webm
2025-06-01 23:02:54,683 - INFO - New server session started
2025-06-01 23:02:54,711 - INFO - New server session started
2025-06-01 23:05:07,943 - INFO - IP address [127.0.0.1] logged in with username [Bananaman]
2025-06-01 23:05:16,771 - INFO - Data by user [Bananaman] saved: user_data/audio/Bananaman/Unom/Unom99m.webm
2025-06-01 23:07:21,465 - INFO - New server session started
2025-06-01 23:07:21,492 - INFO - New server session started
2025-06-01 23:07:30,328 - INFO - IP address [127.0.0.1] logged in with username [Bananaman]
2025-06-01 23:07:39,826 - INFO - Data by user [Bananaman] saved: user_data/audio/Bananaman/Unom/Unom99m.webm
2025-06-01 23:07:48,440 - INFO - User [Bananaman] progress updated.
2025-06-01 23:08:17,196 - INFO - Data by user [Bananaman] saved: user_data/audio/Bananaman/Unom/Unom99m.webm
2025-06-01 23:08:25,886 - INFO - User [Bananaman] progress updated.
2025-06-01 23:08:34,415 - INFO - Data by user [Bananaman] saved: user_data/audio/Bananaman/Unom/Unom99m.webm
2025-06-01 23:08:43,127 - INFO - User [Bananaman] progress updated.
2025-06-01 23:12:30,185 - INFO - Data by user [Bananaman] saved: user_data/audio/Bananaman/Unom/Unom99m.webm
2025-06-01 23:12:38,810 - INFO - User [Bananaman] progress updated.
2025-06-01 23:13:01,486 - INFO - Data by user [Bananaman] saved: user_data/audio/Bananaman/Unom/Unom99m.webm
2025-06-01 23:13:10,184 - INFO - User [Bananaman] progress updated.
2025-06-01 23:13:46,204 - INFO - Data by user [Bananaman] saved: user_data/audio/Bananaman/Unom/Unom99m.webm
2025-06-01 23:13:54,982 - INFO - User [Bananaman] progress updated.
2025-06-01 23:14:01,822 - INFO - Data by user [Bananaman] saved: user_data/audio/Bananaman/Unom/Unom99m.webm
2025-06-01 23:14:10,609 - INFO - User [Bananaman] progress updated.
2025-06-01 23:15:42,085 - INFO - Data by user [Bananaman] saved: user_data/audio/Bananaman/Unom/Unom99m.webm
2025-06-01 23:15:50,912 - INFO - User [Bananaman] progress updated.
2025-06-01 23:16:07,400 - INFO - Data by user [Bananaman] saved: user_data/audio/Bananaman/Unom/Unom99m.webm
2025-06-01 23:16:16,098 - INFO - User [Bananaman] progress updated.
2025-06-01 23:16:41,272 - INFO - Data by user [Bananaman] saved: user_data/audio/Bananaman/Unom/Unom99m.webm
2025-06-01 23:16:50,062 - INFO - User [Bananaman] progress updated.
2025-06-01 23:17:00,811 - INFO - Data by user [Bananaman] saved: user_data/audio/Bananaman/Unom/Unom99m.webm
2025-06-01 23:17:09,914 - INFO - User [Bananaman] progress updated.
2025-06-01 23:41:02,917 - INFO - IP address [127.0.0.1] logged in with username [Bananaman]
2025-06-01 23:41:11,534 - INFO - Data by user [Bananaman] saved: user_data/audio/Bananaman/Unom/Unom99m.webm
2025-06-01 23:41:20,392 - INFO - User [Bananaman] progress updated.
2025-06-02 00:57:32,642 - INFO - IP address [127.0.0.1] logged in with username [Bananaman]
2025-06-02 00:57:57,377 - INFO - Data by user [Bananaman] saved: user_data/audio/Bananaman/Unom/Unom99m.webm
2025-06-02 00:58:23,851 - INFO - Data by user [Bananaman] saved: user_data/audio/Bananaman/Unom/Unom99m.webm
2025-06-02 00:59:12,371 - INFO - Data by user [Bananaman] saved: user_data/audio/Bananaman/Unom/Unom99m.webm
2025-06-02 00:59:20,991 - INFO - User [Bananaman] progress updated.
2025-06-02 01:01:07,800 - INFO - Data by user [Bananaman] saved: user_data/audio/Bananaman/Unom/Unom99m.webm
2025-06-02 01:01:16,359 - INFO - User [Bananaman] progress updated.
2025-06-02 01:03:39,149 - INFO - Data by user [Bananaman] saved: user_data/audio/Bananaman/Unom/Unom99m.webm
2025-06-02 01:04:06,390 - INFO - Data by user [Bananaman] saved: user_data/audio/Bananaman/Unom/Unom99m.webm
2025-06-02 01:04:15,909 - INFO - User [Bananaman] progress updated.
2025-06-02 01:08:30,492 - INFO - Data by user [Bananaman] saved: user_data/audio/Bananaman/Unom/Unom99m.webm
2025-06-02 01:08:38,897 - INFO - User [Bananaman] progress updated.
2025-06-02 01:13:23,817 - INFO - Data by user [Bananaman] saved: user_data/audio/Bananaman/Unom/Unom99m.webm
2025-06-02 01:13:32,369 - INFO - User [Bananaman] progress updated.
2025-06-02 01:17:30,345 - INFO - Data by user [Bananaman] saved: user_data/audio/Bananaman/Unom/Unom99m.webm
2025-06-02 01:17:39,101 - INFO - User [Bananaman] progress updated.
2025-06-02 01:18:28,714 - INFO - Data by user [Bananaman] saved: user_data/audio/Bananaman/Unom/Unom99m.webm
2025-06-02 01:18:37,366 - INFO - User [Bananaman] progress updated.
2025-06-02 01:19:10,009 - INFO - Data by user [Bananaman] saved: user_data/audio/Bananaman/Kabalo_Ka_Mag_Tagalog/Kabalo_Ka_Mag_Tagalog99m.webm
2025-06-02 01:19:19,762 - INFO - User [Bananaman] progress updated.
2025-06-02 01:20:03,877 - INFO - Data by user [Bananaman] saved: user_data/audio/Bananaman/Kabalo_Ka_Mag_Tagalog/Kabalo_Ka_Mag_Tagalog99m.webm
2025-06-02 01:20:12,577 - INFO - User [Bananaman] progress updated.
2025-06-02 01:21:56,160 - INFO - New server session started
2025-06-02 01:21:56,186 - INFO - New server session started
2025-06-02 01:22:03,969 - INFO - IP address [127.0.0.1] logged in with username [Bananaman]
2025-06-02 01:22:12,299 - INFO - Data by user [Bananaman] saved: user_data/audio/Bananaman/Kabalo_Ka_Mag_Tagalog/Kabalo_Ka_Mag_Tagalog99m.webm
2025-06-02 01:22:20,875 - INFO - User [Bananaman] progress updated.
2025-06-02 01:22:42,566 - INFO - Data by user [Bananaman] saved: user_data/audio/Bananaman/Kabalo_Ka_Mag_Tagalog/Kabalo_Ka_Mag_Tagalog99m.webm
2025-06-02 01:22:51,369 - INFO - User [Bananaman] progress updated.
2025-06-02 01:29:34,733 - INFO - Session with username [Bananaman] timed out
2025-06-02 01:29:40,932 - INFO - IP address [127.0.0.1] logged in with username [Bananaman]
2025-06-02 01:29:53,301 - INFO - Data by user [Bananaman] saved: user_data/audio/Bananaman/Palihog_Ko_Ug_Menu/Palihog_Ko_Ug_Menu99m.webm
2025-06-02 01:30:03,238 - INFO - User [Bananaman] progress updated.
2025-06-02 01:30:48,989 - INFO - Data by user [Bananaman] saved: user_data/audio/Bananaman/Palihog_Ko_Ug_Menu/Palihog_Ko_Ug_Menu99m.webm
2025-06-02 01:30:57,778 - INFO - User [Bananaman] progress updated.
2025-06-02 01:31:25,539 - INFO - Data by user [Bananaman] saved: user_data/audio/Bananaman/Unom/Unom99m.webm
2025-06-02 01:31:33,946 - INFO - User [Bananaman] progress updated.
2025-06-02 01:31:59,543 - INFO - Data by user [Bananaman] saved: user_data/audio/Bananaman/Unom/Unom99m.webm
2025-06-02 01:32:07,952 - INFO - User [Bananaman] progress updated.
2025-06-02 01:34:43,153 - INFO - Data by user [Bananaman] saved: user_data/audio/Bananaman/Unom/Unom99m.webm
2025-06-02 01:34:51,559 - INFO - User [Bananaman] progress updated.
2025-06-02 01:35:10,567 - INFO - Data by user [Bananaman] saved: user_data/audio/Bananaman/Unom/Unom99m.webm
2025-06-02 01:35:19,440 - INFO - User [Bananaman] progress updated.
2025-06-02 01:35:50,344 - INFO - Data by user [Bananaman] saved: user_data/audio/Bananaman/Unom/Unom99m.webm
2025-06-02 01:35:58,752 - INFO - User [Bananaman] progress updated.
2025-06-02 01:36:53,325 - INFO - Data by user [Bananaman] saved: user_data/audio/Bananaman/Unom/Unom99m.webm
2025-06-02 01:37:01,737 - INFO - User [Bananaman] progress updated.
2025-06-02 01:37:53,635 - INFO - Data by user [Bananaman] saved: user_data/audio/Bananaman/Unom/Unom99m.webm
2025-06-02 01:38:02,173 - INFO - User [Bananaman] progress updated.
2025-06-02 01:38:08,935 - INFO - Data by user [Bananaman] saved: user_data/audio/Bananaman/Unom/Unom99m.webm
2025-06-02 01:38:17,448 - INFO - User [Bananaman] progress updated.
2025-06-02 01:38:30,875 - INFO - Data by user [Bananaman] saved: user_data/audio/Bananaman/Tanan/Tanan99m.webm
2025-06-02 01:38:40,332 - INFO - User [Bananaman] progress updated.
2025-06-02 01:38:55,385 - INFO - Data by user [Bananaman] saved: user_data/audio/Bananaman/Tanan/Tanan99m.webm
2025-06-02 01:39:03,818 - INFO - User [Bananaman] progress updated.
2025-06-02 01:40:00,783 - INFO - Data by user [Bananaman] saved: user_data/audio/Bananaman/Tanan/Tanan99m.webm
2025-06-02 01:40:09,309 - INFO - User [Bananaman] progress updated.
2025-06-02 01:40:54,068 - INFO - Data by user [Bananaman] saved: user_data/audio/Bananaman/Tanan/Tanan99m.webm
2025-06-02 01:41:02,712 - INFO - User [Bananaman] progress updated.
2025-06-02 01:41:13,879 - INFO - Data by user [Bananaman] saved: user_data/audio/Bananaman/Tanan/Tanan99m.webm
2025-06-02 01:41:22,538 - INFO - User [Bananaman] progress updated.
2025-06-02 01:41:39,824 - INFO - Data by user [Bananaman] saved: user_data/audio/Bananaman/Tanan/Tanan99m.webm
2025-06-02 01:41:48,593 - INFO - User [Bananaman] progress updated.
2025-06-02 01:42:08,102 - INFO - Data by user [Bananaman] saved: user_data/audio/Bananaman/Kabalo_Ka_Mag_Tagalog/Kabalo_Ka_Mag_Tagalog99m.webm
2025-06-02 01:42:16,765 - INFO - User [Bananaman] progress updated.
2025-06-02 01:44:01,595 - INFO - Data by user [Bananaman] saved: user_data/audio/Bananaman/Akoang_Anak/Akoang_Anak99m.webm
2025-06-02 01:44:11,362 - INFO - User [Bananaman] progress updated.
2025-06-02 01:53:45,646 - INFO - New server session started
2025-06-02 01:53:45,672 - INFO - New server session started
2025-06-02 01:53:56,896 - INFO - IP address [127.0.0.1] logged in with username [Bananaman]
2025-06-02 02:08:52,187 - INFO - Session with username [Bananaman] timed out
2025-06-02 02:09:01,323 - INFO - IP address [127.0.0.1] logged in with username [Bananaman]
2025-06-02 02:12:46,478 - INFO - Data by user [Bananaman] saved: user_data/audio/Bananaman/Wala/Wala99m.webm
2025-06-02 02:12:56,175 - INFO - User [Bananaman] progress updated.
2025-06-02 02:13:17,805 - INFO - Data by user [Bananaman] saved: user_data/audio/Bananaman/Wala/Wala99m.webm
2025-06-02 02:13:26,289 - INFO - User [Bananaman] progress updated.
2025-06-02 02:13:54,034 - INFO - Data by user [Bananaman] saved: user_data/audio/Bananaman/Wala_None/Wala_None99m.webm
2025-06-02 02:14:03,863 - INFO - User [Bananaman] progress updated.
2025-06-02 02:15:11,582 - INFO - New server session started
2025-06-02 02:15:11,610 - INFO - New server session started
2025-06-02 02:15:23,009 - INFO - IP address [127.0.0.1] logged in with username [Bananaman]
2025-06-02 02:15:35,058 - INFO - Data by user [Bananaman] saved: user_data/audio/Bananaman/Wala_None/Wala_None99m.webm
2025-06-02 02:15:43,894 - INFO - User [Bananaman] progress updated.
2025-06-02 02:21:49,366 - INFO - Session with username [Bananaman] timed out
2025-06-02 02:21:56,526 - INFO - IP address [127.0.0.1] logged in with username [Bananaman]
2025-06-02 02:22:03,973 - INFO - Data by user [Bananaman] saved: user_data/audio/Bananaman/Wala_None/Wala_None99m.webm
2025-06-02 02:22:12,770 - INFO - User [Bananaman] progress updated.
2025-06-02 02:26:13,796 - INFO - Data by user [Bananaman] saved: user_data/audio/Bananaman/Wala_None/Wala_None99m.webm
2025-06-02 02:26:22,262 - INFO - User [Bananaman] progress updated.
2025-06-02 02:26:56,910 - INFO - Data by user [Bananaman] saved: user_data/audio/Bananaman/Wala_None/Wala_None99m.webm
2025-06-02 02:27:05,572 - INFO - User [Bananaman] progress updated.
2025-06-02 02:27:39,202 - INFO - Data by user [Bananaman] saved: user_data/audio/Bananaman/Wala_None/Wala_None99m.webm
2025-06-02 02:27:47,812 - INFO - User [Bananaman] progress updated.
2025-06-02 02:27:58,488 - INFO - Data by user [Bananaman] saved: user_data/audio/Bananaman/Wala_None/Wala_None99m.webm
2025-06-02 02:28:07,140 - INFO - User [Bananaman] progress updated.
2025-06-02 02:28:19,948 - INFO - Data by user [Bananaman] saved: user_data/audio/Bananaman/Wala_None/Wala_None99m.webm
2025-06-02 02:28:28,752 - INFO - User [Bananaman] progress updated.
2025-06-02 02:28:50,266 - INFO - Data by user [Bananaman] saved: user_data/audio/Bananaman/Wala/Wala99m.webm
2025-06-02 02:28:59,022 - INFO - User [Bananaman] progress updated.
2025-06-02 02:29:05,930 - INFO - Data by user [Bananaman] saved: user_data/audio/Bananaman/Wala/Wala99m.webm
2025-06-02 02:29:14,763 - INFO - User [Bananaman] progress updated.
2025-06-02 02:29:31,505 - INFO - Data by user [Bananaman] saved: user_data/audio/Bananaman/Wala/Wala99m.webm
2025-06-02 02:29:40,123 - INFO - User [Bananaman] progress updated.
2025-06-02 02:35:34,943 - INFO - Session with username [Bananaman] timed out
2025-06-02 02:35:41,342 - INFO - IP address [127.0.0.1] logged in with username [Bananaman]
2025-06-02 02:35:55,258 - INFO - Data by user [Bananaman] saved: user_data/audio/Bananaman/Kabalo_Ka_Mag_Tagalog/Kabalo_Ka_Mag_Tagalog99m.webm
2025-06-02 02:36:03,889 - INFO - User [Bananaman] progress updated.
2025-06-02 02:36:26,945 - INFO - New server session started
2025-06-02 02:36:26,972 - INFO - New server session started
2025-06-02 02:36:38,000 - INFO - IP address [127.0.0.1] logged in with username [Bananaman]
2025-06-02 02:36:48,817 - INFO - Data by user [Bananaman] saved: user_data/audio/Bananaman/Kabalo_Ka_Mag_English/Kabalo_Ka_Mag_English99m.webm
2025-06-02 02:36:58,600 - INFO - User [Bananaman] progress updated.
2025-06-02 02:37:55,790 - INFO - Data by user [Bananaman] saved: user_data/audio/Bananaman/Maayong_Gabii/Maayong_Gabii99m.webm
2025-06-02 02:38:05,623 - INFO - User [Bananaman] progress updated.
2025-06-02 02:39:07,049 - INFO - Data by user [Bananaman] saved: user_data/audio/Bananaman/Maayong_Buntag/Maayong_Buntag99m.webm
2025-06-02 02:39:15,695 - INFO - User [Bananaman] progress updated.
2025-06-02 02:39:40,055 - INFO - New server session started
2025-06-02 02:39:40,083 - INFO - New server session started
2025-06-02 02:39:48,513 - INFO - IP address [127.0.0.1] logged in with username [Bananaman]
2025-06-02 02:39:56,270 - INFO - Data by user [Bananaman] saved: user_data/audio/Bananaman/Maayong_Buntag/Maayong_Buntag99m.webm
2025-06-02 02:40:04,630 - INFO - User [Bananaman] progress updated.
2025-06-02 02:44:15,289 - INFO - Data by user [Bananaman] saved: user_data/audio/Bananaman/Maayong_Buntag/Maayong_Buntag99m.webm
2025-06-02 02:44:24,030 - INFO - User [Bananaman] progress updated.
2025-06-02 02:44:38,027 - INFO - Data by user [Bananaman] saved: user_data/audio/Bananaman/Maayong_Buntag/Maayong_Buntag99m.webm
2025-06-02 02:44:46,843 - INFO - User [Bananaman] progress updated.
2025-06-02 17:23:10,315 - INFO - New server session started
2025-06-02 17:23:10,346 - INFO - New server session started
2025-06-02 17:24:05,757 - INFO - IP address [127.0.0.1] logged in with username [Bananaman]
2025-06-02 17:24:07,155 - INFO - IP address [127.0.0.1] logged in with username [Tay]
2025-06-02 17:24:32,135 - INFO - Data by user [Tay] saved: user_data/audio/Tay/Maayong_Buntag/Maayong_Buntag99m.webm
2025-06-02 17:24:37,831 - INFO - User [SMTlasalle] was registered
2025-06-02 17:24:42,403 - INFO - IP address [127.0.0.1] logged in with username [SMTlasalle]
2025-06-02 17:24:43,203 - INFO - User [Tay] progress updated.
2025-06-02 17:24:48,279 - INFO - Data by user [Tay] saved: user_data/audio/Tay/Maayong_Buntag/Maayong_Buntag99m.webm
2025-06-02 17:24:59,657 - INFO - Data by user [SMTlasalle] saved: user_data/audio/SMTlasalle/Maayong_Buntag/Maayong_Buntag99m.webm
2025-06-02 17:25:09,481 - INFO - User [SMTlasalle] progress updated.
2025-06-02 17:26:19,855 - INFO - User [nigel] was registered
2025-06-02 17:26:25,514 - INFO - IP address [127.0.0.1] logged in with username [nigel]
2025-06-02 17:26:26,801 - INFO - IP address [127.0.0.1] logged in with username [nigel]
2025-06-02 17:27:02,854 - INFO - Data by user [SMTlasalle] saved: user_data/audio/SMTlasalle/Maayong_Udto/Maayong_Udto99m.webm
2025-06-02 17:27:08,579 - INFO - Data by user [Tay] saved: user_data/audio/Tay/Maayong_Buntag/Maayong_Buntag99m.webm
2025-06-02 17:27:13,009 - INFO - User [SMTlasalle] progress updated.
2025-06-02 17:27:19,470 - INFO - User [Tay] progress updated.
2025-06-02 17:27:38,594 - INFO - Data by user [nigel] saved: user_data/audio/nigel/Kumusta_Ka/Kumusta_Ka99m.webm
2025-06-02 17:27:48,202 - INFO - User [nigel] progress updated.
2025-06-02 17:28:18,482 - INFO - Data by user [nigel] saved: user_data/audio/nigel/Kumusta_Ka/Kumusta_Ka99m.webm
2025-06-02 17:28:26,824 - INFO - User [nigel] progress updated.
2025-06-02 17:28:43,873 - INFO - Data by user [Tay] saved: user_data/audio/Tay/Maayong_Buntag/Maayong_Buntag99m.webm
2025-06-02 17:29:05,344 - INFO - Data by user [Tay] saved: user_data/audio/Tay/Maayong_Buntag/Maayong_Buntag99m.webm
2025-06-02 17:29:11,777 - INFO - Data by user [SMTlasalle] saved: user_data/audio/SMTlasalle/Maayong_Gabii/Maayong_Gabii99m.webm
2025-06-02 17:29:14,949 - INFO - User [Tay] progress updated.
2025-06-02 17:29:22,148 - INFO - User [SMTlasalle] progress updated.
2025-06-02 17:29:35,840 - INFO - Data by user [Tay] saved: user_data/audio/Tay/Maayong_Buntag/Maayong_Buntag99m.webm
2025-06-02 17:29:44,462 - INFO - User [Tay] progress updated.
2025-06-02 17:29:51,542 - INFO - Data by user [nigel] saved: user_data/audio/nigel/Sila_Akoang_Mga_Anak/Sila_Akoang_Mga_Anak99m.webm
2025-06-02 17:30:01,212 - INFO - User [nigel] progress updated.
2025-06-02 17:30:17,367 - INFO - Data by user [Tay] saved: user_data/audio/Tay/Maayong_Buntag/Maayong_Buntag99m.webm
2025-06-02 17:30:26,016 - INFO - User [Tay] progress updated.
2025-06-02 17:33:17,230 - INFO - New server session started
2025-06-02 17:33:17,257 - INFO - New server session started
2025-06-02 17:33:26,827 - INFO - IP address [127.0.0.1] logged in with username [Bananaman]
2025-06-02 17:34:02,921 - INFO - IP address [127.0.0.1] logged in with username [nigel]
2025-06-02 17:34:24,055 - INFO - Data by user [nigel] saved: user_data/audio/nigel/Kabalo_Ka_Mag_Tagalog/Kabalo_Ka_Mag_Tagalog99m.webm
2025-06-02 17:34:33,822 - INFO - User [nigel] progress updated.
2025-06-02 17:35:38,558 - INFO - Data by user [nigel] saved: user_data/audio/nigel/Kabalo_Ka_Mag_Tagalog/Kabalo_Ka_Mag_Tagalog99m.webm
2025-06-02 17:35:50,544 - INFO - IP address [127.0.0.1] logged in with username [SMTlasalle]
2025-06-02 17:36:17,883 - INFO - Data by user [SMTlasalle] saved: user_data/audio/SMTlasalle/Maayong_Udto/Maayong_Udto99m.webm
2025-06-02 17:36:44,731 - INFO - Data by user [SMTlasalle] saved: user_data/audio/SMTlasalle/Maayong_Udto/Maayong_Udto99m.webm
2025-06-02 17:36:47,170 - INFO - Data by user [nigel] saved: user_data/audio/nigel/Kabalo_Ka_Mag_Tagalog/Kabalo_Ka_Mag_Tagalog99m.webm
2025-06-02 17:36:56,147 - INFO - User [SMTlasalle] progress updated.
2025-06-02 17:36:59,648 - INFO - User [nigel] progress updated.
2025-06-02 17:37:55,305 - INFO - Data by user [SMTlasalle] saved: user_data/audio/SMTlasalle/Maayong_Udto/Maayong_Udto99m.webm
2025-06-02 17:38:04,017 - INFO - User [SMTlasalle] progress updated.
2025-06-02 17:38:08,776 - INFO - Data by user [SMTlasalle] saved: user_data/audio/SMTlasalle/Maayong_Udto/Maayong_Udto99m.webm
2025-06-02 17:38:17,437 - INFO - User [SMTlasalle] progress updated.
2025-06-02 17:38:22,703 - INFO - Data by user [SMTlasalle] saved: user_data/audio/SMTlasalle/Maayong_Udto/Maayong_Udto99m.webm
2025-06-02 17:38:31,816 - INFO - User [SMTlasalle] progress updated.
2025-06-02 17:39:57,737 - INFO - IP address [127.0.0.1] logged in with username [Tay]
2025-06-02 17:40:16,073 - INFO - New server session started
2025-06-02 17:40:16,099 - INFO - New server session started
2025-06-02 17:40:27,554 - INFO - IP address [127.0.0.1] logged in with username [Bananaman]
2025-06-02 17:40:34,512 - INFO - Data by user [Bananaman] saved: user_data/audio/Bananaman/Maayong_Buntag/Maayong_Buntag99m.webm
2025-06-02 17:40:43,006 - INFO - User [Bananaman] progress updated.
2025-06-02 17:41:07,572 - INFO - IP address [127.0.0.1] logged in with username [Tay]
2025-06-02 17:41:30,713 - INFO - Data by user [Tay] saved: user_data/audio/Tay/Maayong_Udto/Maayong_Udto99m.webm
2025-06-02 17:41:40,279 - INFO - User [Tay] progress updated.
2025-06-02 17:45:29,795 - INFO - Data by user [Tay] saved: user_data/audio/Tay/Maayong_Udto/Maayong_Udto99m.webm
2025-06-02 17:45:38,364 - INFO - User [Tay] progress updated.
2025-06-02 17:46:31,253 - INFO - User [Tay] logged out
2025-06-02 17:46:31,413 - INFO - Data by user [Bananaman] saved: user_data/audio/Bananaman/Maayong_Udto/Maayong_Udto99m.webm
2025-06-02 17:46:41,265 - INFO - User [Bananaman] progress updated.
2025-06-02 17:46:51,904 - INFO - Data by user [Bananaman] saved: user_data/audio/Bananaman/Maayong_Udto/Maayong_Udto99m.webm
2025-06-02 17:48:05,776 - INFO - Data by user [Bananaman] saved: user_data/audio/Bananaman/Maayong_Udto/Maayong_Udto99m.webm
2025-06-02 17:48:15,455 - INFO - User [Bananaman] progress updated.
2025-06-02 17:48:40,901 - INFO - Data by user [Bananaman] saved: user_data/audio/Bananaman/Maayong_Udto/Maayong_Udto99m.webm
2025-06-02 17:48:49,514 - INFO - User [Bananaman] progress updated.
2025-06-02 17:48:55,237 - INFO - Data by user [Bananaman] saved: user_data/audio/Bananaman/Maayong_Udto/Maayong_Udto99m.webm
2025-06-02 17:49:04,940 - INFO - User [Bananaman] progress updated.
2025-06-02 17:49:26,665 - INFO - Data by user [Bananaman] saved: user_data/audio/Bananaman/Maayong_Udto/Maayong_Udto99m.webm
2025-06-02 17:49:35,608 - INFO - User [Bananaman] progress updated.
2025-06-02 17:49:46,138 - INFO - Data by user [Bananaman] saved: user_data/audio/Bananaman/Maayong_Udto/Maayong_Udto99m.webm
2025-06-02 17:49:55,046 - INFO - User [Bananaman] progress updated.
2025-06-02 17:54:03,624 - INFO - IP address [127.0.0.1] logged in with username [Bananaman]
2025-06-02 17:54:32,635 - INFO - Data by user [Bananaman] saved: user_data/audio/Bananaman/Maayong_Buntag/Maayong_Buntag99m.webm
2025-06-02 17:54:41,187 - INFO - User [Bananaman] progress updated.
2025-06-02 17:54:51,094 - INFO - Data by user [Bananaman] saved: user_data/audio/Bananaman/Maayong_Udto/Maayong_Udto99m.webm
2025-06-02 17:54:59,756 - INFO - User [Bananaman] progress updated.
2025-06-02 17:55:16,806 - INFO - Data by user [Bananaman] saved: user_data/audio/Bananaman/Maayong_Udto/Maayong_Udto99m.webm
2025-06-02 17:55:21,079 - INFO - Data by user [Bananaman] saved: user_data/audio/Bananaman/Maayong_Udto/Maayong_Udto99m.webm
2025-06-02 17:55:29,966 - INFO - User [Bananaman] progress updated.
2025-06-02 17:55:30,930 - INFO - Data by user [Bananaman] saved: user_data/audio/Bananaman/Maayong_Udto/Maayong_Udto99m.webm
2025-06-02 17:55:36,905 - INFO - Data by user [Bananaman] saved: user_data/audio/Bananaman/Maayong_Udto/Maayong_Udto99m.webm
2025-06-02 17:55:39,523 - INFO - User [Bananaman] progress updated.
2025-06-02 17:55:46,210 - INFO - User [Bananaman] progress updated.
2025-06-02 17:56:24,147 - INFO - Data by user [Bananaman] saved: user_data/audio/Bananaman/Mangayo_Ko_Ug_Menu/Mangayo_Ko_Ug_Menu99m.webm
2025-06-02 17:56:32,913 - INFO - User [Bananaman] progress updated.
2025-06-02 17:57:11,420 - INFO - Data by user [Bananaman] saved: user_data/audio/Bananaman/Akoang_Amahan/Akoang_Amahan99m.webm
2025-06-02 17:57:20,182 - INFO - User [Bananaman] progress updated.
2025-06-02 17:57:36,173 - INFO - Data by user [Bananaman] saved: user_data/audio/Bananaman/Akoang_Amahan/Akoang_Amahan99m.webm
2025-06-02 17:57:44,882 - INFO - User [Bananaman] progress updated.
2025-06-02 17:57:55,777 - INFO - User [Bananaman] logged out
2025-06-02 17:57:58,332 - INFO - Session with username [Bananaman] timed out
2025-06-02 17:58:09,420 - INFO - IP address [127.0.0.1] logged in with username [Bananaman]
2025-06-02 17:58:24,003 - INFO - Data by user [Bananaman] saved: user_data/audio/Bananaman/Akoang_Amahan/Akoang_Amahan99m.webm
2025-06-02 17:58:33,391 - INFO - Data by user [Bananaman] saved: user_data/audio/Bananaman/Akoang_Amahan/Akoang_Amahan99m.webm
2025-06-02 17:58:43,243 - INFO - User [Bananaman] progress updated.
2025-07-08 14:44:29,713 - INFO - New server session started
2025-07-08 14:44:29,764 - INFO - New server session started
2025-07-08 14:45:07,684 - INFO - User [nig] was registered
2025-07-08 14:46:18,885 - INFO - User [nigel] was registered
2025-07-08 14:46:24,591 - INFO - IP address [127.0.0.1] logged in with username [nigel]
2025-07-08 14:51:30,337 - INFO - New server session started
2025-07-08 14:51:30,353 - INFO - New server session started
2025-07-08 14:51:41,853 - INFO - IP address [127.0.0.1] logged in with username [nigel]
2025-07-08 14:53:14,623 - INFO - New server session started
2025-07-08 14:53:14,639 - INFO - New server session started
2025-07-08 14:53:24,201 - INFO - IP address [127.0.0.1] logged in with username [nigel]
2025-07-08 14:55:19,451 - INFO - New server session started
2025-07-08 14:55:19,467 - INFO - New server session started
2025-07-08 14:55:25,460 - INFO - IP address [127.0.0.1] logged in with username [nigel]
2025-07-08 14:56:08,381 - INFO - New server session started
2025-07-08 14:56:08,396 - INFO - New server session started
2025-07-08 14:56:12,469 - INFO - IP address [127.0.0.1] logged in with username [nigel]
2025-07-08 15:03:01,360 - INFO - New server session started
2025-07-08 15:03:01,375 - INFO - New server session started
2025-07-08 15:03:10,828 - INFO - IP address [127.0.0.1] logged in with username [nigel]
2025-07-08 15:12:09,951 - INFO - New server session started
2025-07-08 15:12:09,967 - INFO - New server session started
2025-07-08 15:12:16,380 - INFO - IP address [127.0.0.1] logged in with username [nigel]
2025-07-08 15:12:55,215 - INFO - New server session started
2025-07-08 15:12:55,231 - INFO - New server session started
2025-07-08 15:13:00,829 - INFO - IP address [127.0.0.1] logged in with username [nigel]
2025-07-08 15:13:43,534 - INFO - New server session started
2025-07-08 15:13:43,549 - INFO - New server session started
2025-07-08 15:13:47,783 - INFO - IP address [127.0.0.1] logged in with username [nigel]
2025-07-08 15:14:39,431 - INFO - New server session started
2025-07-08 15:14:39,447 - INFO - New server session started
2025-07-08 15:14:43,704 - INFO - IP address [127.0.0.1] logged in with username [nigel]
2025-07-08 15:16:32,342 - INFO - New server session started
2025-07-08 15:16:32,363 - INFO - New server session started
2025-07-08 15:16:37,722 - INFO - IP address [127.0.0.1] logged in with username [nigel]
2025-07-08 15:19:26,227 - INFO - New server session started
2025-07-08 15:19:26,243 - INFO - New server session started
2025-07-08 15:19:31,863 - INFO - IP address [127.0.0.1] logged in with username [nigel]
2025-07-08 15:21:55,535 - INFO - New server session started
2025-07-08 15:21:55,550 - INFO - New server session started
2025-07-08 15:22:01,273 - INFO - IP address [127.0.0.1] logged in with username [nigel]
2025-07-08 15:25:10,942 - INFO - New server session started
2025-07-08 15:25:10,957 - INFO - New server session started
2025-07-08 15:25:16,045 - INFO - IP address [127.0.0.1] logged in with username [nigel]
2025-07-08 15:27:07,624 - INFO - New server session started
2025-07-08 15:27:07,640 - INFO - New server session started
2025-07-08 15:27:12,643 - INFO - IP address [127.0.0.1] logged in with username [nigel]
2025-07-08 15:28:08,256 - INFO - New server session started
2025-07-08 15:28:08,273 - INFO - New server session started
2025-07-08 15:28:13,193 - INFO - IP address [127.0.0.1] logged in with username [nigel]
2025-07-08 15:32:57,307 - INFO - New server session started
2025-07-08 15:32:57,323 - INFO - New server session started
2025-07-08 15:33:02,834 - INFO - IP address [127.0.0.1] logged in with username [nigel]
2025-07-08 15:34:42,719 - INFO - New server session started
2025-07-08 15:34:42,735 - INFO - New server session started
2025-07-08 15:34:52,340 - INFO - IP address [127.0.0.1] logged in with username [nigel]
2025-07-08 15:44:52,149 - INFO - New server session started
2025-07-08 15:44:52,165 - INFO - New server session started
2025-07-08 15:44:58,078 - INFO - IP address [127.0.0.1] logged in with username [nigel]
2025-07-08 15:46:25,984 - INFO - New server session started
2025-07-08 15:46:26,002 - INFO - New server session started
2025-07-08 15:46:53,304 - INFO - New server session started
2025-07-08 15:46:53,320 - INFO - New server session started
2025-07-08 15:46:59,856 - INFO - IP address [127.0.0.1] logged in with username [nigel]
2025-07-08 15:48:01,821 - INFO - New server session started
2025-07-08 15:48:01,838 - INFO - New server session started
2025-07-08 15:48:06,633 - INFO - IP address [127.0.0.1] logged in with username [nigel]
2025-07-08 15:50:11,108 - INFO - New server session started
2025-07-08 15:50:11,123 - INFO - New server session started
2025-07-08 15:50:13,973 - INFO - IP address [127.0.0.1] logged in with username [nigel]
2025-07-08 15:53:56,077 - INFO - New server session started
2025-07-08 15:53:56,093 - INFO - New server session started
2025-07-08 15:54:01,298 - INFO - IP address [127.0.0.1] logged in with username [nigel]
2025-07-08 15:56:52,569 - INFO - New server session started
2025-07-08 15:56:52,585 - INFO - New server session started
2025-07-08 15:57:05,539 - INFO - IP address [127.0.0.1] logged in with username [nigel]
2025-07-08 16:00:23,816 - INFO - New server session started
2025-07-08 16:00:23,833 - INFO - New server session started
2025-07-08 16:00:26,712 - INFO - IP address [127.0.0.1] logged in with username [nigel]
2025-07-08 16:01:35,859 - INFO - New server session started
2025-07-08 16:01:35,876 - INFO - New server session started
2025-07-08 16:01:38,503 - INFO - IP address [127.0.0.1] logged in with username [nigel]
2025-07-08 16:06:05,282 - INFO - New server session started
2025-07-08 16:06:05,297 - INFO - New server session started
2025-07-08 16:06:12,588 - INFO - IP address [127.0.0.1] logged in with username [nigel]
2025-07-08 16:14:49,538 - INFO - New server session started
2025-07-08 16:14:49,554 - INFO - New server session started
2025-07-08 16:14:55,719 - INFO - IP address [127.0.0.1] logged in with username [nigel]
2025-07-08 16:35:01,958 - INFO - New server session started
2025-07-08 16:35:01,975 - INFO - New server session started
2025-07-08 16:35:59,433 - INFO - IP address [127.0.0.1] logged in with username [nigel]
2025-07-08 20:54:54,375 - INFO - New server session started
2025-07-08 20:54:54,392 - INFO - New server session started
2025-07-08 20:55:03,551 - INFO - IP address [127.0.0.1] logged in with username [nigel]
2025-07-08 21:01:07,848 - INFO - Session with username [nigel] timed out
2025-07-08 21:01:10,878 - INFO - IP address [127.0.0.1] logged in with username [nigel]
2025-07-08 21:01:12,103 - INFO - IP address [127.0.0.1] logged in with username [nigel]
2025-07-08 21:02:42,256 - INFO - New server session started
2025-07-08 21:02:42,271 - INFO - New server session started
2025-07-08 21:02:44,913 - INFO - IP address [127.0.0.1] logged in with username [nigel]
2025-07-08 21:07:46,743 - INFO - New server session started
2025-07-08 21:07:46,759 - INFO - New server session started
2025-07-08 21:07:51,814 - INFO - IP address [127.0.0.1] logged in with username [nigel]
2025-07-08 21:08:13,795 - INFO - Data by user [nigel] saved: user_data/audio/nigel/Pito\Pito99m.webm
2025-07-08 21:10:25,596 - INFO - New server session started
2025-07-08 21:10:25,611 - INFO - New server session started
2025-07-08 21:10:30,290 - INFO - IP address [127.0.0.1] logged in with username [nigel]
2025-07-08 21:10:35,232 - INFO - Data by user [nigel] saved: user_data/audio/nigel/Pito\Pito99m.webm
2025-07-08 21:11:07,095 - INFO - New server session started
2025-07-08 21:11:07,110 - INFO - New server session started
2025-07-08 21:11:16,879 - INFO - IP address [127.0.0.1] logged in with username [nigel]
2025-07-08 21:13:57,647 - INFO - New server session started
2025-07-08 21:13:57,663 - INFO - New server session started
2025-07-08 21:14:02,664 - INFO - IP address [127.0.0.1] logged in with username [nigel]
2025-07-08 21:17:15,231 - INFO - New server session started
2025-07-08 21:17:15,247 - INFO - New server session started
2025-07-08 21:17:21,331 - INFO - IP address [127.0.0.1] logged in with username [nigel]
2025-07-08 21:21:25,854 - INFO - New server session started
2025-07-08 21:21:25,870 - INFO - New server session started
2025-07-08 21:21:33,231 - INFO - IP address [127.0.0.1] logged in with username [nigel]
2025-07-08 21:23:02,662 - INFO - New server session started
2025-07-08 21:23:02,679 - INFO - New server session started
2025-07-08 21:23:07,469 - INFO - IP address [127.0.0.1] logged in with username [nigel]
2025-07-08 21:24:10,601 - INFO - New server session started
2025-07-08 21:24:10,616 - INFO - New server session started
2025-07-08 21:24:16,642 - INFO - IP address [127.0.0.1] logged in with username [nigel]
2025-07-08 21:32:26,913 - INFO - Data by user [nigel] saved: user_data/audio/nigel/Maayong_Buntag\Maayong_Buntag99m.webm
2025-07-08 21:37:39,270 - INFO - New server session started
2025-07-08 21:37:39,286 - INFO - New server session started
2025-07-08 21:37:45,483 - INFO - IP address [127.0.0.1] logged in with username [nigel]
2025-07-08 21:37:50,129 - INFO - Data by user [nigel] saved: user_data/audio/nigel/Maayong_Buntag\Maayong_Buntag99m.webm
2025-07-08 21:37:50,131 - INFO - User [nigel] progress updated.
2025-07-08 21:38:43,623 - INFO - Data by user [nigel] saved: user_data/audio/nigel/Maayong_Buntag\Maayong_Buntag99m.webm
2025-07-08 21:38:43,624 - INFO - User [nigel] progress updated.
2025-07-08 21:38:58,266 - INFO - New server session started
2025-07-08 21:38:58,281 - INFO - New server session started
2025-07-08 21:39:02,515 - INFO - IP address [127.0.0.1] logged in with username [nigel]
2025-07-08 21:39:05,363 - INFO - Data by user [nigel] saved: user_data/audio/nigel/Maayong_Buntag\Maayong_Buntag99m.webm
2025-07-08 21:39:05,364 - INFO - User [nigel] progress updated.
2025-07-08 21:43:07,042 - INFO - New server session started
2025-07-08 21:43:07,060 - INFO - New server session started
2025-07-08 21:43:12,521 - INFO - IP address [127.0.0.1] logged in with username [nigel]
2025-07-08 21:43:16,390 - INFO - Data by user [nigel] saved: user_data/audio/nigel/Maayong_Buntag\Maayong_Buntag99m.webm
2025-07-08 21:43:16,398 - INFO - User [nigel] progress updated.
2025-07-08 21:44:30,454 - INFO - Data by user [nigel] saved: user_data/audio/nigel/Maayong_Udto\Maayong_Udto99m.webm
2025-07-08 21:46:18,456 - INFO - Data by user [nigel] saved: user_data/audio/nigel/Maayong_Udto\Maayong_Udto99m.webm
2025-07-08 21:46:18,462 - INFO - User [nigel] progress updated.
2025-07-08 21:47:59,946 - INFO - New server session started
2025-07-08 21:47:59,961 - INFO - New server session started
2025-07-08 21:48:04,985 - INFO - IP address [127.0.0.1] logged in with username [nigel]
2025-07-08 21:48:22,123 - INFO - New server session started
2025-07-08 21:48:22,139 - INFO - New server session started
2025-07-08 21:48:26,682 - INFO - IP address [127.0.0.1] logged in with username [nigel]
2025-07-08 21:50:08,170 - INFO - New server session started
2025-07-08 21:50:08,185 - INFO - New server session started
2025-07-08 21:50:14,563 - INFO - IP address [127.0.0.1] logged in with username [nigel]
2025-07-08 21:50:45,521 - INFO - New server session started
2025-07-08 21:50:45,536 - INFO - New server session started
2025-07-08 21:50:48,247 - INFO - IP address [127.0.0.1] logged in with username [nigel]
2025-07-11 09:30:52,807 - INFO - New server session started
2025-07-11 09:30:52,857 - INFO - New server session started
2025-07-11 09:30:59,852 - INFO - IP address [127.0.0.1] logged in with username [nigel]
2025-07-11 09:31:49,791 - INFO - Data by user [nigel] saved: user_data/audio/nigel/Maayong_Buntag\Maayong_Buntag99m.webm
2025-07-11 09:32:21,284 - INFO - New server session started
2025-07-11 09:32:21,300 - INFO - New server session started
2025-07-11 09:32:25,805 - INFO - IP address [127.0.0.1] logged in with username [nigel]
2025-07-11 09:32:28,260 - INFO - Data by user [nigel] saved: user_data/audio/nigel/Maayong_Buntag\Maayong_Buntag99m.webm
2025-07-11 09:32:28,268 - INFO - User [nigel] progress updated.
2025-07-11 09:34:00,307 - INFO - New server session started
2025-07-11 09:34:00,323 - INFO - New server session started
2025-07-11 09:34:06,574 - INFO - IP address [127.0.0.1] logged in with username [nigel]
2025-07-11 09:34:09,184 - INFO - Data by user [nigel] saved: user_data/audio/nigel/Maayong_Buntag\Maayong_Buntag99m.webm
2025-07-11 09:34:09,185 - INFO - User [nigel] progress updated.
2025-07-11 09:35:22,324 - INFO - New server session started
2025-07-11 09:35:22,340 - INFO - New server session started
2025-07-11 09:35:27,337 - INFO - IP address [127.0.0.1] logged in with username [nigel]
2025-07-11 09:35:29,639 - INFO - Data by user [nigel] saved: user_data/audio/nigel/Maayong_Buntag\Maayong_Buntag99m.webm
2025-07-11 09:35:29,641 - INFO - User [nigel] progress updated.
2025-07-11 09:37:32,990 - INFO - New server session started
2025-07-11 09:37:33,007 - INFO - New server session started
2025-07-11 09:37:35,904 - INFO - IP address [127.0.0.1] logged in with username [nigel]
2025-07-11 09:37:36,423 - INFO - IP address [127.0.0.1] logged in with username [nigel]
2025-07-11 09:37:43,135 - INFO - Data by user [nigel] saved: user_data/audio/nigel/Maayong_Buntag\Maayong_Buntag99m.webm
2025-07-11 09:37:43,137 - INFO - User [nigel] progress updated.
2025-07-11 09:38:32,879 - INFO - New server session started
2025-07-11 09:38:32,895 - INFO - New server session started
2025-07-11 09:38:35,239 - INFO - IP address [127.0.0.1] logged in with username [nigel]
2025-07-11 09:38:38,259 - INFO - Data by user [nigel] saved: user_data/audio/nigel/Maayong_Buntag\Maayong_Buntag99m.webm
2025-07-11 09:38:38,263 - INFO - User [nigel] progress updated.
2025-07-11 09:39:12,930 - INFO - New server session started
2025-07-11 09:39:12,946 - INFO - New server session started
2025-07-11 09:39:18,087 - INFO - IP address [127.0.0.1] logged in with username [nigel]
2025-07-11 09:39:20,490 - INFO - Data by user [nigel] saved: user_data/audio/nigel/Maayong_Buntag\Maayong_Buntag99m.webm
2025-07-11 09:39:20,492 - INFO - User [nigel] progress updated.
2025-07-11 09:40:02,400 - INFO - New server session started
2025-07-11 09:40:02,416 - INFO - New server session started
2025-07-11 09:40:05,093 - INFO - IP address [127.0.0.1] logged in with username [nigel]
2025-07-11 09:40:08,015 - INFO - Data by user [nigel] saved: user_data/audio/nigel/Maayong_Buntag\Maayong_Buntag99m.webm
2025-07-11 09:40:08,016 - INFO - User [nigel] progress updated.
2025-07-11 09:40:54,820 - INFO - New server session started
2025-07-11 09:40:54,836 - INFO - New server session started
2025-07-11 09:40:57,742 - INFO - IP address [127.0.0.1] logged in with username [nigel]
2025-07-11 09:41:00,376 - INFO - Data by user [nigel] saved: user_data/audio/nigel/Maayong_Buntag\Maayong_Buntag99m.webm
2025-07-11 09:41:00,380 - INFO - User [nigel] progress updated.
2025-07-11 09:41:57,558 - INFO - New server session started
2025-07-11 09:41:57,575 - INFO - New server session started
2025-07-11 09:42:00,766 - INFO - IP address [127.0.0.1] logged in with username [nigel]
2025-07-11 09:42:03,432 - INFO - Data by user [nigel] saved: user_data/audio/nigel/Maayong_Buntag\Maayong_Buntag99m.webm
2025-07-11 09:42:03,434 - INFO - User [nigel] progress updated.
2025-07-11 09:42:29,226 - INFO - New server session started
2025-07-11 09:42:29,243 - INFO - New server session started
2025-07-11 09:42:35,259 - INFO - IP address [127.0.0.1] logged in with username [nigel]
2025-07-11 09:42:38,205 - INFO - Data by user [nigel] saved: user_data/audio/nigel/Maayong_Buntag\Maayong_Buntag99m.webm
2025-07-11 09:42:38,208 - INFO - User [nigel] progress updated.
2025-07-11 09:43:49,336 - INFO - New server session started
2025-07-11 09:43:49,351 - INFO - New server session started
2025-07-11 09:43:54,018 - INFO - IP address [127.0.0.1] logged in with username [nigel]
2025-07-11 09:43:55,991 - INFO - Data by user [nigel] saved: user_data/audio/nigel/Maayong_Buntag\Maayong_Buntag99m.webm
2025-07-11 09:43:55,992 - INFO - User [nigel] progress updated.
2025-07-11 09:45:17,934 - INFO - New server session started
2025-07-11 09:45:17,949 - INFO - New server session started
2025-07-11 09:45:21,222 - INFO - IP address [127.0.0.1] logged in with username [nigel]
2025-07-11 09:45:26,530 - INFO - Data by user [nigel] saved: user_data/audio/nigel/Maayong_Buntag\Maayong_Buntag99m.webm
2025-07-11 09:45:26,532 - INFO - User [nigel] progress updated.
2025-07-11 09:47:00,835 - INFO - New server session started
2025-07-11 09:47:00,851 - INFO - New server session started
2025-07-11 09:47:05,424 - INFO - IP address [127.0.0.1] logged in with username [nigel]
2025-07-11 09:47:08,828 - INFO - Data by user [nigel] saved: user_data/audio/nigel/Maayong_Buntag\Maayong_Buntag99m.webm
2025-07-11 09:47:08,832 - INFO - User [nigel] progress updated.
2025-07-11 11:58:23,304 - INFO - New server session started
2025-07-11 11:58:23,322 - INFO - New server session started
2025-07-11 11:58:29,729 - INFO - IP address [127.0.0.1] logged in with username [nigel]
2025-07-11 12:00:04,153 - INFO - Data by user [nigel] saved: user_data/audio/nigel/Maayong_Buntag\Maayong_Buntag99m.webm
2025-07-11 12:00:04,155 - INFO - User [nigel] progress updated.
2025-07-11 12:05:03,235 - INFO - New server session started
2025-07-11 12:05:03,253 - INFO - New server session started
2025-07-11 12:05:08,513 - INFO - IP address [127.0.0.1] logged in with username [nigel]
2025-07-11 12:05:11,130 - INFO - Data by user [nigel] saved: user_data/audio/nigel/Maayong_Buntag\Maayong_Buntag99m.webm
2025-07-11 12:05:11,138 - INFO - User [nigel] progress updated.
